<?xml version="1.0" encoding="UTF-8"?>
<!-- Generated by org.testng.reporters.JUnitXMLReporter -->
<testsuite hostname="Jiledar" name="Login" tests="1" failures="1" timestamp="18 Aug 2017 03:39:03 GMT" time="3.162" errors="0">
  <testcase name="Login" time="0.003" classname="com.test.Login">
    <failure type="java.lang.NullPointerException">
      <![CDATA[java.lang.NullPointerException
	at com.test.Login.Login(Login.java:34)
... Removed 24 stack frames]]>
    </failure>
  </testcase> <!-- Login -->
</testsuite> <!-- Login -->
