<?xml version="1.0" encoding="UTF-8"?>
<testng-results skipped="0" failed="1" total="2" passed="1">
  <reporter-output>
  </reporter-output>
  <suite name="Suite" duration-ms="31355" started-at="2017-08-18T03:38:32Z" finished-at="2017-08-18T03:39:03Z">
    <groups>
    </groups>
    <test name="Register" duration-ms="28126" started-at="2017-08-18T03:38:32Z" finished-at="2017-08-18T03:39:00Z">
      <class name="com.test.WearecuriousTest">
        <test-method status="PASS" signature="beforeTest()[pri:0, instance:com.test.WearecuriousTest@d25987]" name="beforeTest" is-config="true" duration-ms="5580" started-at="2017-08-18T09:08:32Z" finished-at="2017-08-18T09:08:38Z">
          <reporter-output>
          </reporter-output>
        </test-method> <!-- beforeTest -->
        <test-method status="PASS" signature="Register()[pri:0, instance:com.test.WearecuriousTest@d25987]" name="Register" duration-ms="20324" started-at="2017-08-18T09:08:38Z" finished-at="2017-08-18T09:08:58Z">
          <reporter-output>
          </reporter-output>
        </test-method> <!-- Register -->
        <test-method status="PASS" signature="afterTest()[pri:0, instance:com.test.WearecuriousTest@d25987]" name="afterTest" is-config="true" duration-ms="2193" started-at="2017-08-18T09:08:58Z" finished-at="2017-08-18T09:09:00Z">
          <reporter-output>
          </reporter-output>
        </test-method> <!-- afterTest -->
      </class> <!-- com.test.WearecuriousTest -->
    </test> <!-- Register -->
    <test name="Login" duration-ms="3162" started-at="2017-08-18T03:39:00Z" finished-at="2017-08-18T03:39:03Z">
      <class name="com.test.Login">
        <test-method status="PASS" signature="beforeTest()[pri:0, instance:com.test.Login@6ba0ac]" name="beforeTest" is-config="true" duration-ms="2044" started-at="2017-08-18T09:09:00Z" finished-at="2017-08-18T09:09:02Z">
          <reporter-output>
          </reporter-output>
        </test-method> <!-- beforeTest -->
        <test-method status="FAIL" signature="Login()[pri:0, instance:com.test.Login@6ba0ac]" name="Login" duration-ms="3" started-at="2017-08-18T09:09:02Z" finished-at="2017-08-18T09:09:02Z">
          <exception class="java.lang.NullPointerException">
            <full-stacktrace>
              <![CDATA[java.lang.NullPointerException
	at com.test.Login.Login(Login.java:34)
	at sun.reflect.NativeMethodAccessorImpl.invoke0(Native Method)
	at sun.reflect.NativeMethodAccessorImpl.invoke(Unknown Source)
	at sun.reflect.DelegatingMethodAccessorImpl.invoke(Unknown Source)
	at java.lang.reflect.Method.invoke(Unknown Source)
	at org.testng.internal.MethodInvocationHelper.invokeMethod(MethodInvocationHelper.java:80)
	at org.testng.internal.Invoker.invokeMethod(Invoker.java:714)
	at org.testng.internal.Invoker.invokeTestMethod(Invoker.java:901)
	at org.testng.internal.Invoker.invokeTestMethods(Invoker.java:1231)
	at org.testng.internal.TestMethodWorker.invokeTestMethods(TestMethodWorker.java:127)
	at org.testng.internal.TestMethodWorker.run(TestMethodWorker.java:111)
	at org.testng.TestRunner.privateRun(TestRunner.java:767)
	at org.testng.TestRunner.run(TestRunner.java:617)
	at org.testng.SuiteRunner.runTest(SuiteRunner.java:334)
	at org.testng.SuiteRunner.runSequentially(SuiteRunner.java:329)
	at org.testng.SuiteRunner.privateRun(SuiteRunner.java:291)
	at org.testng.SuiteRunner.run(SuiteRunner.java:240)
	at org.testng.SuiteRunnerWorker.runSuite(SuiteRunnerWorker.java:52)
	at org.testng.SuiteRunnerWorker.run(SuiteRunnerWorker.java:86)
	at org.testng.TestNG.runSuitesSequentially(TestNG.java:1198)
	at org.testng.TestNG.runSuitesLocally(TestNG.java:1123)
	at org.testng.TestNG.run(TestNG.java:1031)
	at org.testng.remote.AbstractRemoteTestNG.run(AbstractRemoteTestNG.java:132)
	at org.testng.remote.RemoteTestNG.initAndRun(RemoteTestNG.java:230)
	at org.testng.remote.RemoteTestNG.main(RemoteTestNG.java:76)
]]>
            </full-stacktrace>
          </exception> <!-- java.lang.NullPointerException -->
          <reporter-output>
          </reporter-output>
        </test-method> <!-- Login -->
        <test-method status="PASS" signature="afterTest()[pri:0, instance:com.test.Login@6ba0ac]" name="afterTest" is-config="true" duration-ms="1106" started-at="2017-08-18T09:09:02Z" finished-at="2017-08-18T09:09:03Z">
          <reporter-output>
          </reporter-output>
        </test-method> <!-- afterTest -->
      </class> <!-- com.test.Login -->
    </test> <!-- Login -->
  </suite> <!-- Suite -->
</testng-results>
